<?xml version="1.0" encoding="UTF-8"?>
<testng-results ignored="0" total="2" passed="2" failed="0" skipped="0">
  <reporter-output>
  </reporter-output>
  <suite started-at="2022-12-01T11:58:33 IST" name="Suite" finished-at="2022-12-01T11:58:52 IST" duration-ms="18559">
    <groups>
    </groups>
    <test started-at="2022-12-01T11:58:33 IST" name="Test" finished-at="2022-12-01T11:58:52 IST" duration-ms="18559">
      <class name="com.ds.testLayer.LoginPageTest">
        <test-method is-config="true" signature="start()[pri:0, instance:com.ds.testLayer.LoginPageTest@7ec7ffd3]" started-at="2022-12-01T11:58:33 IST" name="start" finished-at="2022-12-01T11:58:34 IST" duration-ms="257" status="PASS">
          <reporter-output>
          </reporter-output>
        </test-method> <!-- start -->
        <test-method is-config="true" signature="setup(java.lang.String)[pri:0, instance:com.ds.testLayer.LoginPageTest@7ec7ffd3]" started-at="2022-12-01T11:58:34 IST" name="setup" finished-at="2022-12-01T11:58:44 IST" duration-ms="9943" status="PASS">
          <params>
            <param index="0">
              <value>
                <![CDATA[chrome]]>
              </value>
            </param>
          </params>
          <reporter-output>
          </reporter-output>
        </test-method> <!-- setup -->
        <test-method signature="verifyDashBord()[pri:0, instance:com.ds.testLayer.LoginPageTest@7ec7ffd3]" started-at="2022-12-01T11:58:44 IST" name="verifyDashBord" finished-at="2022-12-01T11:58:44 IST" duration-ms="73" status="PASS">
          <reporter-output>
          </reporter-output>
        </test-method> <!-- verifyDashBord -->
        <test-method is-config="true" signature="tearDown()[pri:0, instance:com.ds.testLayer.LoginPageTest@7ec7ffd3]" started-at="2022-12-01T11:58:44 IST" name="tearDown" finished-at="2022-12-01T11:58:44 IST" duration-ms="1" status="PASS">
          <reporter-output>
          </reporter-output>
        </test-method> <!-- tearDown -->
        <test-method is-config="true" signature="setup(java.lang.String)[pri:0, instance:com.ds.testLayer.LoginPageTest@7ec7ffd3]" started-at="2022-12-01T11:58:44 IST" name="setup" finished-at="2022-12-01T11:58:52 IST" duration-ms="8146" status="PASS">
          <params>
            <param index="0">
              <value>
                <![CDATA[chrome]]>
              </value>
            </param>
          </params>
          <reporter-output>
          </reporter-output>
        </test-method> <!-- setup -->
        <test-method signature="verifyLoginTest()[pri:0, instance:com.ds.testLayer.LoginPageTest@7ec7ffd3]" started-at="2022-12-01T11:58:52 IST" name="verifyLoginTest" finished-at="2022-12-01T11:58:52 IST" duration-ms="19" status="PASS">
          <reporter-output>
          </reporter-output>
        </test-method> <!-- verifyLoginTest -->
        <test-method is-config="true" signature="tearDown()[pri:0, instance:com.ds.testLayer.LoginPageTest@7ec7ffd3]" started-at="2022-12-01T11:58:52 IST" name="tearDown" finished-at="2022-12-01T11:58:52 IST" duration-ms="0" status="PASS">
          <reporter-output>
          </reporter-output>
        </test-method> <!-- tearDown -->
        <test-method is-config="true" signature="end()[pri:0, instance:com.ds.testLayer.LoginPageTest@7ec7ffd3]" started-at="2022-12-01T11:58:52 IST" name="end" finished-at="2022-12-01T11:58:52 IST" duration-ms="1" status="PASS">
          <reporter-output>
          </reporter-output>
        </test-method> <!-- end -->
      </class> <!-- com.ds.testLayer.LoginPageTest -->
    </test> <!-- Test -->
  </suite> <!-- Suite -->
</testng-results>
